<?xml version="1.0" encoding="UTF-8"?>
<testng-results ignored="0" total="1" passed="1" failed="0" skipped="0">
  <reporter-output>
  </reporter-output>
  <suite started-at="2023-11-07T12:43:22 IST" name="Suite" finished-at="2023-11-07T12:43:38 IST" duration-ms="16600">
    <groups>
    </groups>
    <test started-at="2023-11-07T12:43:22 IST" name="Packt_tester" finished-at="2023-11-07T12:43:38 IST" duration-ms="16600">
      <class name="packttestflow.TestCase1">
        <test-method is-config="true" signature="beforeClass()[pri:0, instance:packttestflow.TestCase1@7674f035]" started-at="2023-11-07T12:43:22 IST" name="beforeClass" finished-at="2023-11-07T12:43:22 IST" duration-ms="324" status="PASS">
          <reporter-output>
          </reporter-output>
        </test-method> <!-- beforeClass -->
        <test-method is-config="true" signature="beforeTest()[pri:0, instance:packttestflow.TestCase1@7674f035]" started-at="2023-11-07T12:43:22 IST" name="beforeTest" finished-at="2023-11-07T12:43:28 IST" duration-ms="6070" status="PASS">
          <reporter-output>
          </reporter-output>
        </test-method> <!-- beforeTest -->
        <test-method signature="TestCase001()[pri:0, instance:packttestflow.TestCase1@7674f035]" started-at="2023-11-07T12:43:28 IST" name="TestCase001" finished-at="2023-11-07T12:43:37 IST" duration-ms="8818" status="PASS">
          <reporter-output>
          </reporter-output>
        </test-method> <!-- TestCase001 -->
        <test-method is-config="true" signature="afterTest()[pri:0, instance:packttestflow.TestCase1@7674f035]" started-at="2023-11-07T12:43:37 IST" name="afterTest" finished-at="2023-11-07T12:43:38 IST" duration-ms="613" status="PASS">
          <reporter-output>
          </reporter-output>
        </test-method> <!-- afterTest -->
        <test-method is-config="true" signature="afterClass()[pri:0, instance:packttestflow.TestCase1@7674f035]" started-at="2023-11-07T12:43:38 IST" name="afterClass" finished-at="2023-11-07T12:43:38 IST" duration-ms="725" status="PASS">
          <reporter-output>
          </reporter-output>
        </test-method> <!-- afterClass -->
      </class> <!-- packttestflow.TestCase1 -->
    </test> <!-- Packt_tester -->
  </suite> <!-- Suite -->
</testng-results>
