<?xml version="1.0" encoding="UTF-8"?>
<!-- Generated by org.testng.reporters.JUnitXMLReporter -->
<testsuite ignored="2" hostname="LIN24006463" failures="0" tests="1" name="Default test" time="79.274" errors="0" timestamp="2023-11-04T21:21:53 IST">
  <testcase classname="packtflow2.TestCase2" name="TestCase003" time="72.512"/>
  <testcase classname="packtflow2.TestCase2" name="TestCase001" time="0.0">
    <ignored/>
  </testcase> <!-- TestCase001 -->
  <testcase classname="packtflow2.TestCase2" name="TestCase002" time="0.0">
    <ignored/>
  </testcase> <!-- TestCase002 -->
</testsuite> <!-- Default test -->
