<?xml version="1.0" encoding="UTF-8"?>
<testng-results ignored="0" total="1" passed="1" failed="0" skipped="0">
  <reporter-output>
  </reporter-output>
  <suite started-at="2023-11-06T17:48:17 IST" name="Suite" finished-at="2023-11-06T17:50:12 IST" duration-ms="115249">
    <groups>
    </groups>
    <test started-at="2023-11-06T17:48:17 IST" name="LATAM_Tester" finished-at="2023-11-06T17:50:12 IST" duration-ms="115249">
      <class name="packtflow4.TestCase4">
        <test-method is-config="true" signature="beforeClass()[pri:0, instance:packtflow4.TestCase4@e15b7e8]" started-at="2023-11-06T17:48:17 IST" name="beforeClass" finished-at="2023-11-06T17:48:17 IST" duration-ms="332" status="PASS">
          <reporter-output>
          </reporter-output>
        </test-method> <!-- beforeClass -->
        <test-method is-config="true" signature="beforeTest()[pri:0, instance:packtflow4.TestCase4@e15b7e8]" started-at="2023-11-06T17:48:17 IST" name="beforeTest" finished-at="2023-11-06T17:48:23 IST" duration-ms="5464" status="PASS">
          <reporter-output>
          </reporter-output>
        </test-method> <!-- beforeTest -->
        <test-method signature="TestCase001()[pri:0, instance:packtflow4.TestCase4@e15b7e8]" started-at="2023-11-06T17:48:23 IST" name="TestCase001" finished-at="2023-11-06T17:50:11 IST" duration-ms="108507" status="PASS">
          <reporter-output>
          </reporter-output>
        </test-method> <!-- TestCase001 -->
        <test-method is-config="true" signature="afterTest()[pri:0, instance:packtflow4.TestCase4@e15b7e8]" started-at="2023-11-06T17:50:11 IST" name="afterTest" finished-at="2023-11-06T17:50:12 IST" duration-ms="553" status="PASS">
          <reporter-output>
          </reporter-output>
        </test-method> <!-- afterTest -->
        <test-method is-config="true" signature="afterClass()[pri:0, instance:packtflow4.TestCase4@e15b7e8]" started-at="2023-11-06T17:50:12 IST" name="afterClass" finished-at="2023-11-06T17:50:12 IST" duration-ms="356" status="PASS">
          <reporter-output>
          </reporter-output>
        </test-method> <!-- afterClass -->
      </class> <!-- packtflow4.TestCase4 -->
    </test> <!-- LATAM_Tester -->
  </suite> <!-- Suite -->
</testng-results>
