<?xml version="1.0" encoding="UTF-8"?>
<!-- Generated by org.testng.reporters.JUnitXMLReporter -->
<testsuite ignored="0" hostname="LIN24006463" failures="1" tests="1" name="LATAM_Tester" time="180.034" errors="0" timestamp="2023-11-06T12:12:09 IST">
  <testcase classname="packtflow3.TestCase3" name="TestCase001" time="171.669">
    <failure type="java.lang.AssertionError" message="Page title does not match the expected title. expected [Preface | Machine Learning Engineering with Python] but found [Preface | Machine Learning Engineering with Python - Second Edition]">
      <![CDATA[java.lang.AssertionError: Page title does not match the expected title. expected [Preface | Machine Learning Engineering with Python] but found [Preface | Machine Learning Engineering with Python - Second Edition]
at packtflow3.TestCase3.TestCase001(TestCase3.java:356)
at java.base/java.util.ArrayList.forEach(ArrayList.java:1511)
... Removed 32 stack frames]]>
    </failure>
  </testcase> <!-- TestCase001 -->
</testsuite> <!-- LATAM_Tester -->
