<?xml version="1.0" encoding="UTF-8"?>
<!-- Generated by org.testng.reporters.JUnitXMLReporter -->
<testsuite ignored="0" hostname="LIN24006463" failures="0" tests="3" name="LATAM_Tester" time="169.915" errors="0" timestamp="2023-11-04T23:09:10 IST">
  <testcase classname="packtflow2.TestCase2" name="TestCase001" time="11.591"/>
  <testcase classname="packtflow2.TestCase2" name="TestCase002" time="12.094"/>
  <testcase classname="packtflow2.TestCase2" name="TestCase003" time="129.462"/>
</testsuite> <!-- LATAM_Tester -->
