<?xml version="1.0" encoding="UTF-8"?>
<testng-results ignored="0" total="3" passed="3" failed="0" skipped="0">
  <reporter-output>
  </reporter-output>
  <suite started-at="2023-11-04T23:06:20 IST" name="Suite" finished-at="2023-11-04T23:09:10 IST" duration-ms="169915">
    <groups>
    </groups>
    <test started-at="2023-11-04T23:06:20 IST" name="LATAM_Tester" finished-at="2023-11-04T23:09:10 IST" duration-ms="169915">
      <class name="packtflow2.TestCase2">
        <test-method is-config="true" signature="beforeClass()[pri:0, instance:packtflow2.TestCase2@593aaf41]" started-at="2023-11-04T23:06:20 IST" name="beforeClass" finished-at="2023-11-04T23:06:20 IST" duration-ms="309" status="PASS">
          <reporter-output>
          </reporter-output>
        </test-method> <!-- beforeClass -->
        <test-method is-config="true" signature="beforeTest()[pri:0, instance:packtflow2.TestCase2@593aaf41]" started-at="2023-11-04T23:06:20 IST" name="beforeTest" finished-at="2023-11-04T23:06:26 IST" duration-ms="5764" status="PASS">
          <reporter-output>
          </reporter-output>
        </test-method> <!-- beforeTest -->
        <test-method signature="TestCase001()[pri:0, instance:packtflow2.TestCase2@593aaf41]" started-at="2023-11-04T23:06:26 IST" name="TestCase001" finished-at="2023-11-04T23:06:38 IST" duration-ms="11591" status="PASS">
          <reporter-output>
          </reporter-output>
        </test-method> <!-- TestCase001 -->
        <test-method is-config="true" signature="afterTest()[pri:0, instance:packtflow2.TestCase2@593aaf41]" started-at="2023-11-04T23:06:38 IST" name="afterTest" finished-at="2023-11-04T23:06:38 IST" duration-ms="306" status="PASS">
          <reporter-output>
          </reporter-output>
        </test-method> <!-- afterTest -->
        <test-method is-config="true" signature="beforeTest()[pri:0, instance:packtflow2.TestCase2@593aaf41]" started-at="2023-11-04T23:06:38 IST" name="beforeTest" finished-at="2023-11-04T23:06:43 IST" duration-ms="4954" status="PASS">
          <reporter-output>
          </reporter-output>
        </test-method> <!-- beforeTest -->
        <test-method signature="TestCase002()[pri:1, instance:packtflow2.TestCase2@593aaf41]" started-at="2023-11-04T23:06:43 IST" name="TestCase002" finished-at="2023-11-04T23:06:55 IST" duration-ms="12094" status="PASS">
          <reporter-output>
          </reporter-output>
        </test-method> <!-- TestCase002 -->
        <test-method is-config="true" signature="afterTest()[pri:0, instance:packtflow2.TestCase2@593aaf41]" started-at="2023-11-04T23:06:55 IST" name="afterTest" finished-at="2023-11-04T23:06:55 IST" duration-ms="345" status="PASS">
          <reporter-output>
          </reporter-output>
        </test-method> <!-- afterTest -->
        <test-method is-config="true" signature="beforeTest()[pri:0, instance:packtflow2.TestCase2@593aaf41]" started-at="2023-11-04T23:06:55 IST" name="beforeTest" finished-at="2023-11-04T23:06:59 IST" duration-ms="4145" status="PASS">
          <reporter-output>
          </reporter-output>
        </test-method> <!-- beforeTest -->
        <test-method signature="TestCase003()[pri:2, instance:packtflow2.TestCase2@593aaf41]" started-at="2023-11-04T23:06:59 IST" name="TestCase003" finished-at="2023-11-04T23:09:09 IST" duration-ms="129462" status="PASS">
          <reporter-output>
          </reporter-output>
        </test-method> <!-- TestCase003 -->
        <test-method is-config="true" signature="afterTest()[pri:0, instance:packtflow2.TestCase2@593aaf41]" started-at="2023-11-04T23:09:09 IST" name="afterTest" finished-at="2023-11-04T23:09:10 IST" duration-ms="618" status="PASS">
          <reporter-output>
          </reporter-output>
        </test-method> <!-- afterTest -->
        <test-method is-config="true" signature="afterClass()[pri:0, instance:packtflow2.TestCase2@593aaf41]" started-at="2023-11-04T23:09:10 IST" name="afterClass" finished-at="2023-11-04T23:09:10 IST" duration-ms="285" status="PASS">
          <reporter-output>
          </reporter-output>
        </test-method> <!-- afterClass -->
      </class> <!-- packtflow2.TestCase2 -->
    </test> <!-- LATAM_Tester -->
  </suite> <!-- Suite -->
</testng-results>
